CRITICAL - 2023-06-17 06:16:09 --> Call to undefined function App\Controllers\coba()
in APPPATH\Controllers\Main.php on line 17.
 1 SYSTEMPATH\CodeIgniter.php(934): App\Controllers\Main->coba()
 2 SYSTEMPATH\CodeIgniter.php(499): CodeIgniter\CodeIgniter->runController(Object(App\Controllers\Main))
 3 SYSTEMPATH\CodeIgniter.php(368): CodeIgniter\CodeIgniter->handleRequest(null, Object(Config\Cache), false)
 4 FCPATH\index.php(67): CodeIgniter\CodeIgniter->run()
 5 SYSTEMPATH\Commands\Server\rewrite.php(47): require_once('D:\\xampp\\htdocs\\Fyber\\public\\index.php')
CRITICAL - 2023-06-17 06:18:49 --> Call to undefined function App\Controllers\coba()
in APPPATH\Controllers\Main.php on line 17.
 1 SYSTEMPATH\CodeIgniter.php(934): App\Controllers\Main->coba()
 2 SYSTEMPATH\CodeIgniter.php(499): CodeIgniter\CodeIgniter->runController(Object(App\Controllers\Main))
 3 SYSTEMPATH\CodeIgniter.php(368): CodeIgniter\CodeIgniter->handleRequest(null, Object(Config\Cache), false)
 4 FCPATH\index.php(67): CodeIgniter\CodeIgniter->run()
 5 SYSTEMPATH\Commands\Server\rewrite.php(47): require_once('D:\\xampp\\htdocs\\Fyber\\public\\index.php')
CRITICAL - 2023-06-17 06:19:26 --> Call to undefined function App\Controllers\coba()
in APPPATH\Controllers\Main.php on line 17.
 1 SYSTEMPATH\CodeIgniter.php(934): App\Controllers\Main->coba()
 2 SYSTEMPATH\CodeIgniter.php(499): CodeIgniter\CodeIgniter->runController(Object(App\Controllers\Main))
 3 SYSTEMPATH\CodeIgniter.php(368): CodeIgniter\CodeIgniter->handleRequest(null, Object(Config\Cache), false)
 4 FCPATH\index.php(67): CodeIgniter\CodeIgniter->run()
 5 SYSTEMPATH\Commands\Server\rewrite.php(47): require_once('D:\\xampp\\htdocs\\Fyber\\public\\index.php')
CRITICAL - 2023-06-17 06:20:13 --> Call to undefined function App\Controllers\cobaba()
in APPPATH\Controllers\Main.php on line 17.
 1 SYSTEMPATH\CodeIgniter.php(934): App\Controllers\Main->cobaz()
 2 SYSTEMPATH\CodeIgniter.php(499): CodeIgniter\CodeIgniter->runController(Object(App\Controllers\Main))
 3 SYSTEMPATH\CodeIgniter.php(368): CodeIgniter\CodeIgniter->handleRequest(null, Object(Config\Cache), false)
 4 FCPATH\index.php(67): CodeIgniter\CodeIgniter->run()
 5 SYSTEMPATH\Commands\Server\rewrite.php(47): require_once('D:\\xampp\\htdocs\\Fyber\\public\\index.php')
CRITICAL - 2023-06-17 09:57:21 --> Call to undefined function App\Controllers\coba()
in APPPATH\Controllers\Main.php on line 14.
 1 SYSTEMPATH\CodeIgniter.php(934): App\Controllers\Main->index()
 2 SYSTEMPATH\CodeIgniter.php(499): CodeIgniter\CodeIgniter->runController(Object(App\Controllers\Main))
 3 SYSTEMPATH\CodeIgniter.php(368): CodeIgniter\CodeIgniter->handleRequest(null, Object(Config\Cache), false)
 4 FCPATH\index.php(67): CodeIgniter\CodeIgniter->run()
 5 SYSTEMPATH\Commands\Server\rewrite.php(47): require_once('D:\\web doc\\Fyber\\public\\index.php')
CRITICAL - 2023-06-17 09:57:35 --> Call to undefined function App\Controllers\coba()
in APPPATH\Controllers\Main.php on line 14.
 1 SYSTEMPATH\CodeIgniter.php(934): App\Controllers\Main->index()
 2 SYSTEMPATH\CodeIgniter.php(499): CodeIgniter\CodeIgniter->runController(Object(App\Controllers\Main))
 3 SYSTEMPATH\CodeIgniter.php(368): CodeIgniter\CodeIgniter->handleRequest(null, Object(Config\Cache), false)
 4 FCPATH\index.php(67): CodeIgniter\CodeIgniter->run()
 5 SYSTEMPATH\Commands\Server\rewrite.php(47): require_once('D:\\web doc\\Fyber\\public\\index.php')
CRITICAL - 2023-06-17 10:04:58 --> Interface "helperInterface" not found
in APPPATH\Helpers\math_helper.php on line 3.
 1 SYSTEMPATH\Common.php(665): include_once()
 2 SYSTEMPATH\Controller.php(85): helper([...])
 3 APPPATH\Controllers\BaseController.php(58): CodeIgniter\Controller->initController(Object(CodeIgniter\HTTP\IncomingRequest), Object(CodeIgniter\HTTP\Response), Object(CodeIgniter\Log\Logger))
 4 SYSTEMPATH\CodeIgniter.php(907): App\Controllers\BaseController->initController(Object(CodeIgniter\HTTP\IncomingRequest), Object(CodeIgniter\HTTP\Response), Object(CodeIgniter\Log\Logger))
 5 SYSTEMPATH\CodeIgniter.php(490): CodeIgniter\CodeIgniter->createController()
 6 SYSTEMPATH\CodeIgniter.php(368): CodeIgniter\CodeIgniter->handleRequest(null, Object(Config\Cache), false)
 7 FCPATH\index.php(67): CodeIgniter\CodeIgniter->run()
 8 SYSTEMPATH\Commands\Server\rewrite.php(47): require_once('D:\\web doc\\Fyber\\public\\index.php')
CRITICAL - 2023-06-17 10:06:20 --> Interface "App\Libraries\Interfaces\helperInterface" not found
in APPPATH\Helpers\math_helper.php on line 5.
 1 SYSTEMPATH\Common.php(665): include_once()
 2 SYSTEMPATH\Controller.php(85): helper([...])
 3 APPPATH\Controllers\BaseController.php(58): CodeIgniter\Controller->initController(Object(CodeIgniter\HTTP\IncomingRequest), Object(CodeIgniter\HTTP\Response), Object(CodeIgniter\Log\Logger))
 4 SYSTEMPATH\CodeIgniter.php(907): App\Controllers\BaseController->initController(Object(CodeIgniter\HTTP\IncomingRequest), Object(CodeIgniter\HTTP\Response), Object(CodeIgniter\Log\Logger))
 5 SYSTEMPATH\CodeIgniter.php(490): CodeIgniter\CodeIgniter->createController()
 6 SYSTEMPATH\CodeIgniter.php(368): CodeIgniter\CodeIgniter->handleRequest(null, Object(Config\Cache), false)
 7 FCPATH\index.php(67): CodeIgniter\CodeIgniter->run()
 8 SYSTEMPATH\Commands\Server\rewrite.php(47): require_once('D:\\web doc\\Fyber\\public\\index.php')
CRITICAL - 2023-06-17 10:06:37 --> Interface "App\Libraries\Interfaces\helperInterface" not found
in APPPATH\Helpers\math_helper.php on line 5.
 1 SYSTEMPATH\Common.php(665): include_once()
 2 SYSTEMPATH\Controller.php(85): helper([...])
 3 APPPATH\Controllers\BaseController.php(58): CodeIgniter\Controller->initController(Object(CodeIgniter\HTTP\IncomingRequest), Object(CodeIgniter\HTTP\Response), Object(CodeIgniter\Log\Logger))
 4 SYSTEMPATH\CodeIgniter.php(907): App\Controllers\BaseController->initController(Object(CodeIgniter\HTTP\IncomingRequest), Object(CodeIgniter\HTTP\Response), Object(CodeIgniter\Log\Logger))
 5 SYSTEMPATH\CodeIgniter.php(490): CodeIgniter\CodeIgniter->createController()
 6 SYSTEMPATH\CodeIgniter.php(368): CodeIgniter\CodeIgniter->handleRequest(null, Object(Config\Cache), false)
 7 FCPATH\index.php(67): CodeIgniter\CodeIgniter->run()
 8 SYSTEMPATH\Commands\Server\rewrite.php(47): require_once('D:\\web doc\\Fyber\\public\\index.php')
CRITICAL - 2023-06-17 10:06:54 --> Interface "App\Libraries\Interfaces\helperInterface" not found
in APPPATH\Helpers\math_helper.php on line 5.
 1 SYSTEMPATH\Common.php(665): include_once()
 2 SYSTEMPATH\Controller.php(85): helper([...])
 3 APPPATH\Controllers\BaseController.php(58): CodeIgniter\Controller->initController(Object(CodeIgniter\HTTP\IncomingRequest), Object(CodeIgniter\HTTP\Response), Object(CodeIgniter\Log\Logger))
 4 SYSTEMPATH\CodeIgniter.php(907): App\Controllers\BaseController->initController(Object(CodeIgniter\HTTP\IncomingRequest), Object(CodeIgniter\HTTP\Response), Object(CodeIgniter\Log\Logger))
 5 SYSTEMPATH\CodeIgniter.php(490): CodeIgniter\CodeIgniter->createController()
 6 SYSTEMPATH\CodeIgniter.php(368): CodeIgniter\CodeIgniter->handleRequest(null, Object(Config\Cache), false)
 7 FCPATH\index.php(67): CodeIgniter\CodeIgniter->run()
 8 SYSTEMPATH\Commands\Server\rewrite.php(47): require_once('D:\\web doc\\Fyber\\public\\index.php')
CRITICAL - 2023-06-17 10:07:08 --> Interface "helperInterface" not found
in APPPATH\Helpers\math_helper.php on line 3.
 1 SYSTEMPATH\Common.php(665): include_once()
 2 SYSTEMPATH\Controller.php(85): helper([...])
 3 APPPATH\Controllers\BaseController.php(58): CodeIgniter\Controller->initController(Object(CodeIgniter\HTTP\IncomingRequest), Object(CodeIgniter\HTTP\Response), Object(CodeIgniter\Log\Logger))
 4 SYSTEMPATH\CodeIgniter.php(907): App\Controllers\BaseController->initController(Object(CodeIgniter\HTTP\IncomingRequest), Object(CodeIgniter\HTTP\Response), Object(CodeIgniter\Log\Logger))
 5 SYSTEMPATH\CodeIgniter.php(490): CodeIgniter\CodeIgniter->createController()
 6 SYSTEMPATH\CodeIgniter.php(368): CodeIgniter\CodeIgniter->handleRequest(null, Object(Config\Cache), false)
 7 FCPATH\index.php(67): CodeIgniter\CodeIgniter->run()
 8 SYSTEMPATH\Commands\Server\rewrite.php(47): require_once('D:\\web doc\\Fyber\\public\\index.php')
CRITICAL - 2023-06-17 10:09:06 --> Call to undefined function App\Controllers\get_instance()
in APPPATH\Controllers\Main.php on line 15.
 1 SYSTEMPATH\CodeIgniter.php(934): App\Controllers\Main->index()
 2 SYSTEMPATH\CodeIgniter.php(499): CodeIgniter\CodeIgniter->runController(Object(App\Controllers\Main))
 3 SYSTEMPATH\CodeIgniter.php(368): CodeIgniter\CodeIgniter->handleRequest(null, Object(Config\Cache), false)
 4 FCPATH\index.php(67): CodeIgniter\CodeIgniter->run()
 5 SYSTEMPATH\Commands\Server\rewrite.php(47): require_once('D:\\web doc\\Fyber\\public\\index.php')
CRITICAL - 2023-06-17 10:09:50 --> Call to undefined function App\Controllers\get_instance()
in APPPATH\Controllers\Main.php on line 15.
 1 SYSTEMPATH\CodeIgniter.php(934): App\Controllers\Main->index()
 2 SYSTEMPATH\CodeIgniter.php(499): CodeIgniter\CodeIgniter->runController(Object(App\Controllers\Main))
 3 SYSTEMPATH\CodeIgniter.php(368): CodeIgniter\CodeIgniter->handleRequest(null, Object(Config\Cache), false)
 4 FCPATH\index.php(67): CodeIgniter\CodeIgniter->run()
 5 SYSTEMPATH\Commands\Server\rewrite.php(47): require_once('D:\\web doc\\Fyber\\public\\index.php')
CRITICAL - 2023-06-17 10:13:26 --> Interface "App\Helpers\MyHelperInterface" not found
in APPPATH\Helpers\MyHelper.php on line 5.
 1 SYSTEMPATH\Autoloader\Autoloader.php(312): include_once()
 2 SYSTEMPATH\Autoloader\Autoloader.php(289): CodeIgniter\Autoloader\Autoloader->includeFile('D:\\web doc\\Fyber\\app\\Helpers\\MyHelper.php')
 3 SYSTEMPATH\Autoloader\Autoloader.php(267): CodeIgniter\Autoloader\Autoloader->loadInNamespace('App\\Helpers\\MyHelper')
 4 APPPATH\Controllers\Main.php(17): CodeIgniter\Autoloader\Autoloader->loadClass('App\\Helpers\\MyHelper')
 5 SYSTEMPATH\CodeIgniter.php(906): App\Controllers\Main->__construct()
 6 SYSTEMPATH\CodeIgniter.php(490): CodeIgniter\CodeIgniter->createController()
 7 SYSTEMPATH\CodeIgniter.php(368): CodeIgniter\CodeIgniter->handleRequest(null, Object(Config\Cache), false)
 8 FCPATH\index.php(67): CodeIgniter\CodeIgniter->run()
 9 SYSTEMPATH\Commands\Server\rewrite.php(47): require_once('D:\\web doc\\Fyber\\public\\index.php')
